<?xml version="1.0" encoding="UTF-8"?>
<!-- Generated by org.testng.reporters.JUnitReportReporter -->
<testsuite skipped="0" hostname="notebook-208" name="demo.PetStore.test.Test_demo" tests="1" failures="0" timestamp="2020-08-21T09:23:09 CLT" time="15.701" errors="0">
  <testcase name="test_Demo" time="15.701" classname="demo.PetStore.test.Test_demo"/>
  <system-out/>
</testsuite> <!-- demo.PetStore.test.Test_demo -->
